[2024-03-10T09:27:23.119+0000] {manager.py:487} INFO - Processing files using up to 2 processes at a time 
[2024-03-10T09:27:23.120+0000] {manager.py:488} INFO - Process each file at most once every 30 seconds
[2024-03-10T09:27:23.121+0000] {manager.py:489} INFO - Checking for new files in /opt/airflow/dags every 300 seconds
[2024-03-10T09:27:23.121+0000] {manager.py:755} INFO - Searching for files in /opt/airflow/dags
[2024-03-10T09:27:23.547+0000] {manager.py:758} INFO - There are 1 files in /opt/airflow/dags
[2024-03-10T09:27:23.635+0000] {manager.py:887} INFO - 
================================================================================
DAG File Processing Stats

File Path                         PID  Runtime      # DAGs    # Errors  Last Runtime    Last Run
------------------------------  -----  ---------  --------  ----------  --------------  ----------
/opt/airflow/dags/price_dag.py    183  0.05s             0           0
================================================================================
[2024-03-10T09:27:53.847+0000] {manager.py:887} INFO - 
================================================================================
DAG File Processing Stats

File Path                       PID    Runtime      # DAGs    # Errors  Last Runtime    Last Run
------------------------------  -----  ---------  --------  ----------  --------------  -------------------
/opt/airflow/dags/price_dag.py                           0           1  0.49s           2024-03-10T09:27:24
================================================================================
[2024-03-10T09:31:23.684+0000] {manager.py:887} INFO - 
================================================================================
DAG File Processing Stats

File Path                         PID  Runtime      # DAGs    # Errors  Last Runtime    Last Run
------------------------------  -----  ---------  --------  ----------  --------------  -------------------
/opt/airflow/dags/price_dag.py    206  1.08s             0           1  0.95s           2024-03-10T09:27:55
================================================================================
[2024-03-10T09:31:54.123+0000] {manager.py:887} INFO - 
================================================================================
DAG File Processing Stats

File Path                         PID  Runtime      # DAGs    # Errors  Last Runtime    Last Run
------------------------------  -----  ---------  --------  ----------  --------------  -------------------
/opt/airflow/dags/price_dag.py    219  0.04s             0           1  1.38s           2024-03-10T09:31:23
================================================================================
[2024-03-10T09:47:29.022+0000] {manager.py:755} INFO - Searching for files in /opt/airflow/dags
[2024-03-10T09:47:29.469+0000] {manager.py:758} INFO - There are 1 files in /opt/airflow/dags
[2024-03-10T09:47:31.044+0000] {manager.py:887} INFO - 
================================================================================
DAG File Processing Stats

File Path                       PID    Runtime      # DAGs    # Errors  Last Runtime    Last Run
------------------------------  -----  ---------  --------  ----------  --------------  -------------------
/opt/airflow/dags/price_dag.py                           0           1  0.55s           2024-03-10T09:47:30
================================================================================
[2024-03-10T09:48:01.404+0000] {manager.py:887} INFO - 
================================================================================
DAG File Processing Stats

File Path                       PID    Runtime      # DAGs    # Errors  Last Runtime    Last Run
------------------------------  -----  ---------  --------  ----------  --------------  -------------------
/opt/airflow/dags/price_dag.py                           0           1  0.20s           2024-03-10T09:48:00
================================================================================
[2024-03-10T09:48:31.952+0000] {manager.py:887} INFO - 
================================================================================
DAG File Processing Stats

File Path                       PID    Runtime      # DAGs    # Errors  Last Runtime    Last Run
------------------------------  -----  ---------  --------  ----------  --------------  -------------------
/opt/airflow/dags/price_dag.py                           0           1  0.35s           2024-03-10T09:48:31
================================================================================
[2024-03-10T09:49:02.344+0000] {manager.py:887} INFO - 
================================================================================
DAG File Processing Stats

File Path                       PID    Runtime      # DAGs    # Errors  Last Runtime    Last Run
------------------------------  -----  ---------  --------  ----------  --------------  -------------------
/opt/airflow/dags/price_dag.py                           0           1  0.16s           2024-03-10T09:49:01
================================================================================
[2024-03-10T09:49:32.895+0000] {manager.py:887} INFO - 
================================================================================
DAG File Processing Stats

File Path                       PID    Runtime      # DAGs    # Errors  Last Runtime    Last Run
------------------------------  -----  ---------  --------  ----------  --------------  -------------------
/opt/airflow/dags/price_dag.py                           0           1  0.18s           2024-03-10T09:49:31
================================================================================
[2024-03-10T09:55:36.101+0000] {manager.py:755} INFO - Searching for files in /opt/airflow/dags
[2024-03-10T09:55:36.818+0000] {manager.py:758} INFO - There are 1 files in /opt/airflow/dags
[2024-03-10T09:55:39.888+0000] {manager.py:887} INFO - 
================================================================================
DAG File Processing Stats

File Path                       PID    Runtime      # DAGs    # Errors  Last Runtime    Last Run
------------------------------  -----  ---------  --------  ----------  --------------  -------------------
/opt/airflow/dags/price_dag.py                           0           1  0.23s           2024-03-10T09:55:37
================================================================================
[2024-03-10T09:56:10.503+0000] {manager.py:887} INFO - 
================================================================================
DAG File Processing Stats

File Path                       PID    Runtime      # DAGs    # Errors  Last Runtime    Last Run
------------------------------  -----  ---------  --------  ----------  --------------  -------------------
/opt/airflow/dags/price_dag.py                           0           1  0.37s           2024-03-10T09:56:07
================================================================================
[2024-03-10T09:56:41.093+0000] {manager.py:887} INFO - 
================================================================================
DAG File Processing Stats

File Path                       PID    Runtime      # DAGs    # Errors  Last Runtime    Last Run
------------------------------  -----  ---------  --------  ----------  --------------  -------------------
/opt/airflow/dags/price_dag.py                           0           1  0.19s           2024-03-10T09:56:38
================================================================================
[2024-03-10T09:57:11.584+0000] {manager.py:887} INFO - 
================================================================================
DAG File Processing Stats

File Path                       PID    Runtime      # DAGs    # Errors  Last Runtime    Last Run
------------------------------  -----  ---------  --------  ----------  --------------  -------------------
/opt/airflow/dags/price_dag.py                           0           1  0.24s           2024-03-10T09:57:08
================================================================================
[2024-03-10T10:13:30.674+0000] {manager.py:755} INFO - Searching for files in /opt/airflow/dags
[2024-03-10T10:13:31.833+0000] {manager.py:758} INFO - There are 1 files in /opt/airflow/dags
[2024-03-10T10:13:36.945+0000] {manager.py:887} INFO - 
================================================================================
DAG File Processing Stats

File Path                       PID    Runtime      # DAGs    # Errors  Last Runtime    Last Run
------------------------------  -----  ---------  --------  ----------  --------------  -------------------
/opt/airflow/dags/price_dag.py                           0           1  0.22s           2024-03-10T10:13:32
================================================================================
[2024-03-10T10:14:07.509+0000] {manager.py:887} INFO - 
================================================================================
DAG File Processing Stats

File Path                       PID    Runtime      # DAGs    # Errors  Last Runtime    Last Run
------------------------------  -----  ---------  --------  ----------  --------------  -------------------
/opt/airflow/dags/price_dag.py                           0           1  0.33s           2024-03-10T10:14:02
================================================================================
[2024-03-10T10:25:19.965+0000] {manager.py:755} INFO - Searching for files in /opt/airflow/dags
[2024-03-10T10:25:20.608+0000] {manager.py:758} INFO - There are 1 files in /opt/airflow/dags
[2024-03-10T10:25:26.796+0000] {manager.py:887} INFO - 
================================================================================
DAG File Processing Stats

File Path                       PID    Runtime      # DAGs    # Errors  Last Runtime    Last Run
------------------------------  -----  ---------  --------  ----------  --------------  -------------------
/opt/airflow/dags/price_dag.py                           0           1  0.60s           2024-03-10T10:25:21
================================================================================
[2024-03-10T10:25:57.060+0000] {manager.py:887} INFO - 
================================================================================
DAG File Processing Stats

File Path                       PID    Runtime      # DAGs    # Errors  Last Runtime    Last Run
------------------------------  -----  ---------  --------  ----------  --------------  -------------------
/opt/airflow/dags/price_dag.py                           0           1  0.37s           2024-03-10T10:25:51
================================================================================
[2024-03-10T10:26:27.469+0000] {manager.py:887} INFO - 
================================================================================
DAG File Processing Stats

File Path                       PID    Runtime      # DAGs    # Errors  Last Runtime    Last Run
------------------------------  -----  ---------  --------  ----------  --------------  -------------------
/opt/airflow/dags/price_dag.py                           0           1  0.35s           2024-03-10T10:26:22
================================================================================
[2024-03-10T10:26:57.944+0000] {manager.py:887} INFO - 
================================================================================
DAG File Processing Stats

File Path                       PID    Runtime      # DAGs    # Errors  Last Runtime    Last Run
------------------------------  -----  ---------  --------  ----------  --------------  -------------------
/opt/airflow/dags/price_dag.py                           0           1  0.17s           2024-03-10T10:26:53
================================================================================
[2024-03-10T10:27:28.528+0000] {manager.py:887} INFO - 
================================================================================
DAG File Processing Stats

File Path                       PID    Runtime      # DAGs    # Errors  Last Runtime    Last Run
------------------------------  -----  ---------  --------  ----------  --------------  -------------------
/opt/airflow/dags/price_dag.py                           0           1  0.36s           2024-03-10T10:27:23
================================================================================
[2024-03-10T10:27:59.153+0000] {manager.py:887} INFO - 
================================================================================
DAG File Processing Stats

File Path                       PID    Runtime      # DAGs    # Errors  Last Runtime    Last Run
------------------------------  -----  ---------  --------  ----------  --------------  -------------------
/opt/airflow/dags/price_dag.py                           0           1  0.36s           2024-03-10T10:27:54
================================================================================
[2024-03-10T10:28:29.719+0000] {manager.py:887} INFO - 
================================================================================
DAG File Processing Stats

File Path                       PID    Runtime      # DAGs    # Errors  Last Runtime    Last Run
------------------------------  -----  ---------  --------  ----------  --------------  -------------------
/opt/airflow/dags/price_dag.py                           0           1  0.38s           2024-03-10T10:28:24
================================================================================
[2024-03-10T10:29:00.307+0000] {manager.py:887} INFO - 
================================================================================
DAG File Processing Stats

File Path                       PID    Runtime      # DAGs    # Errors  Last Runtime    Last Run
------------------------------  -----  ---------  --------  ----------  --------------  -------------------
/opt/airflow/dags/price_dag.py                           0           1  0.31s           2024-03-10T10:28:55
================================================================================
[2024-03-10T10:29:30.838+0000] {manager.py:887} INFO - 
================================================================================
DAG File Processing Stats

File Path                       PID    Runtime      # DAGs    # Errors  Last Runtime    Last Run
------------------------------  -----  ---------  --------  ----------  --------------  -------------------
/opt/airflow/dags/price_dag.py                           0           1  0.37s           2024-03-10T10:29:26
================================================================================
[2024-03-10T10:30:01.512+0000] {manager.py:887} INFO - 
================================================================================
DAG File Processing Stats

File Path                       PID    Runtime      # DAGs    # Errors  Last Runtime    Last Run
------------------------------  -----  ---------  --------  ----------  --------------  -------------------
/opt/airflow/dags/price_dag.py                           0           1  0.29s           2024-03-10T10:29:56
================================================================================
[2024-03-10T10:46:32.163+0000] {manager.py:755} INFO - Searching for files in /opt/airflow/dags
[2024-03-10T10:46:32.468+0000] {manager.py:758} INFO - There are 1 files in /opt/airflow/dags
[2024-03-10T10:46:44.145+0000] {manager.py:887} INFO - 
================================================================================
DAG File Processing Stats

File Path                       PID    Runtime      # DAGs    # Errors  Last Runtime    Last Run
------------------------------  -----  ---------  --------  ----------  --------------  -------------------
/opt/airflow/dags/price_dag.py                           0           1  0.53s           2024-03-10T10:46:33
================================================================================
[2024-03-10T10:47:14.591+0000] {manager.py:887} INFO - 
================================================================================
DAG File Processing Stats

File Path                       PID    Runtime      # DAGs    # Errors  Last Runtime    Last Run
------------------------------  -----  ---------  --------  ----------  --------------  -------------------
/opt/airflow/dags/price_dag.py                           0           1  0.46s           2024-03-10T10:47:03
================================================================================
[2024-03-10T11:02:50.747+0000] {manager.py:755} INFO - Searching for files in /opt/airflow/dags
[2024-03-10T11:02:51.179+0000] {manager.py:758} INFO - There are 1 files in /opt/airflow/dags
[2024-03-10T11:03:03.655+0000] {manager.py:887} INFO - 
================================================================================
DAG File Processing Stats

File Path                       PID    Runtime      # DAGs    # Errors  Last Runtime    Last Run
------------------------------  -----  ---------  --------  ----------  --------------  -------------------
/opt/airflow/dags/price_dag.py                           0           1  0.49s           2024-03-10T11:02:51
================================================================================
[2024-03-10T11:18:22.612+0000] {manager.py:755} INFO - Searching for files in /opt/airflow/dags
[2024-03-10T11:18:22.958+0000] {manager.py:758} INFO - There are 1 files in /opt/airflow/dags
[2024-03-10T11:18:36.050+0000] {manager.py:887} INFO - 
================================================================================
DAG File Processing Stats

File Path                       PID    Runtime      # DAGs    # Errors  Last Runtime    Last Run
------------------------------  -----  ---------  --------  ----------  --------------  -------------------
/opt/airflow/dags/price_dag.py                           0           1  0.79s           2024-03-10T11:18:23
================================================================================
[2024-03-10T11:19:06.596+0000] {manager.py:887} INFO - 
================================================================================
DAG File Processing Stats

File Path                       PID    Runtime      # DAGs    # Errors  Last Runtime    Last Run
------------------------------  -----  ---------  --------  ----------  --------------  -------------------
/opt/airflow/dags/price_dag.py                           0           1  0.34s           2024-03-10T11:18:54
================================================================================
[2024-03-10T11:29:35.796+0000] {manager.py:755} INFO - Searching for files in /opt/airflow/dags
[2024-03-10T11:29:36.449+0000] {manager.py:758} INFO - There are 1 files in /opt/airflow/dags
[2024-03-10T11:29:49.713+0000] {manager.py:887} INFO - 
================================================================================
DAG File Processing Stats

File Path                       PID    Runtime      # DAGs    # Errors  Last Runtime    Last Run
------------------------------  -----  ---------  --------  ----------  --------------  -------------------
/opt/airflow/dags/price_dag.py                           0           1  0.43s           2024-03-10T11:29:36
================================================================================
[2024-03-10T11:30:20.270+0000] {manager.py:887} INFO - 
================================================================================
DAG File Processing Stats

File Path                       PID    Runtime      # DAGs    # Errors  Last Runtime    Last Run
------------------------------  -----  ---------  --------  ----------  --------------  -------------------
/opt/airflow/dags/price_dag.py                           0           1  0.29s           2024-03-10T11:30:07
================================================================================
[2024-03-10T11:32:31.903+0000] {manager.py:887} INFO - 
================================================================================
DAG File Processing Stats

File Path                       PID    Runtime      # DAGs    # Errors  Last Runtime    Last Run
------------------------------  -----  ---------  --------  ----------  --------------  -------------------
/opt/airflow/dags/price_dag.py                           0           1  0.64s           2024-03-10T11:32:17
================================================================================
[2024-03-10T11:48:15.098+0000] {manager.py:755} INFO - Searching for files in /opt/airflow/dags
[2024-03-10T11:48:15.448+0000] {manager.py:758} INFO - There are 1 files in /opt/airflow/dags
[2024-03-10T11:48:30.411+0000] {manager.py:887} INFO - 
================================================================================
DAG File Processing Stats

File Path                       PID    Runtime      # DAGs    # Errors  Last Runtime    Last Run
------------------------------  -----  ---------  --------  ----------  --------------  -------------------
/opt/airflow/dags/price_dag.py                           0           1  0.69s           2024-03-10T11:48:16
================================================================================
[2024-03-10T11:49:01.251+0000] {manager.py:887} INFO - 
================================================================================
DAG File Processing Stats

File Path                       PID    Runtime      # DAGs    # Errors  Last Runtime    Last Run
------------------------------  -----  ---------  --------  ----------  --------------  -------------------
/opt/airflow/dags/price_dag.py                           0           1  0.36s           2024-03-10T11:48:47
================================================================================
[2024-03-10T12:04:56.280+0000] {manager.py:755} INFO - Searching for files in /opt/airflow/dags
[2024-03-10T12:04:57.202+0000] {manager.py:758} INFO - There are 1 files in /opt/airflow/dags
[2024-03-10T12:05:12.470+0000] {manager.py:887} INFO - 
================================================================================
DAG File Processing Stats

File Path                       PID    Runtime      # DAGs    # Errors  Last Runtime    Last Run
------------------------------  -----  ---------  --------  ----------  --------------  -------------------
/opt/airflow/dags/price_dag.py                           0           1  0.27s           2024-03-10T12:04:57
================================================================================
[2024-03-10T12:05:43.167+0000] {manager.py:887} INFO - 
================================================================================
DAG File Processing Stats

File Path                       PID    Runtime      # DAGs    # Errors  Last Runtime    Last Run
------------------------------  -----  ---------  --------  ----------  --------------  -------------------
/opt/airflow/dags/price_dag.py                           0           1  0.38s           2024-03-10T12:05:28
================================================================================
[2024-03-10T12:06:13.699+0000] {manager.py:887} INFO - 
================================================================================
DAG File Processing Stats

File Path                       PID    Runtime      # DAGs    # Errors  Last Runtime    Last Run
------------------------------  -----  ---------  --------  ----------  --------------  -------------------
/opt/airflow/dags/price_dag.py                           0           1  0.26s           2024-03-10T12:05:58
================================================================================
[2024-03-10T12:06:44.326+0000] {manager.py:887} INFO - 
================================================================================
DAG File Processing Stats

File Path                       PID    Runtime      # DAGs    # Errors  Last Runtime    Last Run
------------------------------  -----  ---------  --------  ----------  --------------  -------------------
/opt/airflow/dags/price_dag.py                           0           1  0.25s           2024-03-10T12:06:29
================================================================================
[2024-03-10T12:07:14.810+0000] {manager.py:887} INFO - 
================================================================================
DAG File Processing Stats

File Path                       PID    Runtime      # DAGs    # Errors  Last Runtime    Last Run
------------------------------  -----  ---------  --------  ----------  --------------  -------------------
/opt/airflow/dags/price_dag.py                           0           1  0.18s           2024-03-10T12:06:59
================================================================================
[2024-03-10T12:07:45.346+0000] {manager.py:887} INFO - 
================================================================================
DAG File Processing Stats

File Path                       PID    Runtime      # DAGs    # Errors  Last Runtime    Last Run
------------------------------  -----  ---------  --------  ----------  --------------  -------------------
/opt/airflow/dags/price_dag.py                           0           1  0.30s           2024-03-10T12:07:30
================================================================================
[2024-03-10T12:11:59.437+0000] {manager.py:755} INFO - Searching for files in /opt/airflow/dags
[2024-03-10T12:11:59.852+0000] {manager.py:758} INFO - There are 1 files in /opt/airflow/dags
[2024-03-10T12:12:18.669+0000] {manager.py:887} INFO - 
================================================================================
DAG File Processing Stats

File Path                       PID    Runtime      # DAGs    # Errors  Last Runtime    Last Run
------------------------------  -----  ---------  --------  ----------  --------------  -------------------
/opt/airflow/dags/price_dag.py                           0           1  0.54s           2024-03-10T12:12:00
================================================================================
[2024-03-10T12:12:49.123+0000] {manager.py:887} INFO - 
================================================================================
DAG File Processing Stats

File Path                       PID    Runtime      # DAGs    # Errors  Last Runtime    Last Run
------------------------------  -----  ---------  --------  ----------  --------------  -------------------
/opt/airflow/dags/price_dag.py                           0           1  0.35s           2024-03-10T12:12:31
================================================================================
[2024-03-10T12:21:15.536+0000] {manager.py:755} INFO - Searching for files in /opt/airflow/dags
[2024-03-10T12:21:16.531+0000] {manager.py:758} INFO - There are 1 files in /opt/airflow/dags
[2024-03-10T12:21:35.921+0000] {manager.py:887} INFO - 
================================================================================
DAG File Processing Stats

File Path                       PID    Runtime      # DAGs    # Errors  Last Runtime    Last Run
------------------------------  -----  ---------  --------  ----------  --------------  -------------------
/opt/airflow/dags/price_dag.py                           0           1  0.27s           2024-03-10T12:21:16
================================================================================
[2024-03-10T12:30:23.785+0000] {manager.py:755} INFO - Searching for files in /opt/airflow/dags
[2024-03-10T12:30:24.164+0000] {manager.py:758} INFO - There are 1 files in /opt/airflow/dags
[2024-03-10T12:30:44.722+0000] {manager.py:887} INFO - 
================================================================================
DAG File Processing Stats

File Path                       PID    Runtime      # DAGs    # Errors  Last Runtime    Last Run
------------------------------  -----  ---------  --------  ----------  --------------  -------------------
/opt/airflow/dags/price_dag.py                           0           1  0.29s           2024-03-10T12:30:24
================================================================================
[2024-03-10T12:31:15.179+0000] {manager.py:887} INFO - 
================================================================================
DAG File Processing Stats

File Path                       PID    Runtime      # DAGs    # Errors  Last Runtime    Last Run
------------------------------  -----  ---------  --------  ----------  --------------  -------------------
/opt/airflow/dags/price_dag.py                           0           1  0.37s           2024-03-10T12:30:55
================================================================================
[2024-03-10T12:31:45.736+0000] {manager.py:887} INFO - 
================================================================================
DAG File Processing Stats

File Path                       PID    Runtime      # DAGs    # Errors  Last Runtime    Last Run
------------------------------  -----  ---------  --------  ----------  --------------  -------------------
/opt/airflow/dags/price_dag.py                           0           1  0.37s           2024-03-10T12:31:25
================================================================================
[2024-03-10T12:32:16.424+0000] {manager.py:887} INFO - 
================================================================================
DAG File Processing Stats

File Path                       PID    Runtime      # DAGs    # Errors  Last Runtime    Last Run
------------------------------  -----  ---------  --------  ----------  --------------  -------------------
/opt/airflow/dags/price_dag.py                           0           1  0.33s           2024-03-10T12:31:56
================================================================================
[2024-03-10T12:47:55.840+0000] {manager.py:755} INFO - Searching for files in /opt/airflow/dags
[2024-03-10T12:47:56.405+0000] {manager.py:758} INFO - There are 1 files in /opt/airflow/dags
[2024-03-10T12:48:17.781+0000] {manager.py:887} INFO - 
================================================================================
DAG File Processing Stats

File Path                       PID    Runtime      # DAGs    # Errors  Last Runtime    Last Run
------------------------------  -----  ---------  --------  ----------  --------------  -------------------
/opt/airflow/dags/price_dag.py                           0           1  0.22s           2024-03-10T12:47:56
================================================================================
[2024-03-10T12:48:48.303+0000] {manager.py:887} INFO - 
================================================================================
DAG File Processing Stats

File Path                       PID    Runtime      # DAGs    # Errors  Last Runtime    Last Run
------------------------------  -----  ---------  --------  ----------  --------------  -------------------
/opt/airflow/dags/price_dag.py                           0           1  0.32s           2024-03-10T12:48:27
================================================================================
[2024-03-10T12:49:18.914+0000] {manager.py:887} INFO - 
================================================================================
DAG File Processing Stats

File Path                       PID    Runtime      # DAGs    # Errors  Last Runtime    Last Run
------------------------------  -----  ---------  --------  ----------  --------------  -------------------
/opt/airflow/dags/price_dag.py                           0           1  0.28s           2024-03-10T12:48:57
================================================================================
[2024-03-10T13:06:40.333+0000] {manager.py:755} INFO - Searching for files in /opt/airflow/dags
[2024-03-10T13:06:41.110+0000] {manager.py:758} INFO - There are 1 files in /opt/airflow/dags
[2024-03-10T13:07:03.385+0000] {manager.py:887} INFO - 
================================================================================
DAG File Processing Stats

File Path                       PID    Runtime      # DAGs    # Errors  Last Runtime    Last Run
------------------------------  -----  ---------  --------  ----------  --------------  -------------------
/opt/airflow/dags/price_dag.py                           0           1  0.28s           2024-03-10T13:06:41
================================================================================
[2024-03-10T13:23:18.578+0000] {manager.py:755} INFO - Searching for files in /opt/airflow/dags
[2024-03-10T13:23:19.438+0000] {manager.py:758} INFO - There are 1 files in /opt/airflow/dags
[2024-03-10T13:23:42.919+0000] {manager.py:887} INFO - 
================================================================================
DAG File Processing Stats

File Path                       PID    Runtime      # DAGs    # Errors  Last Runtime    Last Run
------------------------------  -----  ---------  --------  ----------  --------------  -------------------
/opt/airflow/dags/price_dag.py                           0           1  0.44s           2024-03-10T13:23:19
================================================================================
[2024-03-10T13:24:13.596+0000] {manager.py:887} INFO - 
================================================================================
DAG File Processing Stats

File Path                       PID    Runtime      # DAGs    # Errors  Last Runtime    Last Run
------------------------------  -----  ---------  --------  ----------  --------------  -------------------
/opt/airflow/dags/price_dag.py                           0           1  0.33s           2024-03-10T13:23:50
================================================================================
[2024-03-10T13:24:44.062+0000] {manager.py:887} INFO - 
================================================================================
DAG File Processing Stats

File Path                       PID    Runtime      # DAGs    # Errors  Last Runtime    Last Run
------------------------------  -----  ---------  --------  ----------  --------------  -------------------
/opt/airflow/dags/price_dag.py                           0           1  0.23s           2024-03-10T13:24:20
================================================================================
[2024-03-10T13:25:14.669+0000] {manager.py:887} INFO - 
================================================================================
DAG File Processing Stats

File Path                       PID    Runtime      # DAGs    # Errors  Last Runtime    Last Run
------------------------------  -----  ---------  --------  ----------  --------------  -------------------
/opt/airflow/dags/price_dag.py                           0           1  0.21s           2024-03-10T13:24:51
================================================================================
[2024-03-10T13:25:45.125+0000] {manager.py:887} INFO - 
================================================================================
DAG File Processing Stats

File Path                       PID    Runtime      # DAGs    # Errors  Last Runtime    Last Run
------------------------------  -----  ---------  --------  ----------  --------------  -------------------
/opt/airflow/dags/price_dag.py                           0           1  0.22s           2024-03-10T13:25:22
================================================================================
[2024-03-10T13:31:30.117+0000] {manager.py:755} INFO - Searching for files in /opt/airflow/dags
[2024-03-10T13:31:30.961+0000] {manager.py:758} INFO - There are 1 files in /opt/airflow/dags
[2024-03-10T13:31:56.423+0000] {manager.py:887} INFO - 
================================================================================
DAG File Processing Stats

File Path                       PID    Runtime      # DAGs    # Errors  Last Runtime    Last Run
------------------------------  -----  ---------  --------  ----------  --------------  -------------------
/opt/airflow/dags/price_dag.py                           0           1  0.35s           2024-03-10T13:31:31
================================================================================
[2024-03-10T13:32:27.054+0000] {manager.py:887} INFO - 
================================================================================
DAG File Processing Stats

File Path                       PID    Runtime      # DAGs    # Errors  Last Runtime    Last Run
------------------------------  -----  ---------  --------  ----------  --------------  -------------------
/opt/airflow/dags/price_dag.py                           0           1  0.30s           2024-03-10T13:32:01
================================================================================
[2024-03-10T13:32:57.603+0000] {manager.py:887} INFO - 
================================================================================
DAG File Processing Stats

File Path                       PID    Runtime      # DAGs    # Errors  Last Runtime    Last Run
------------------------------  -----  ---------  --------  ----------  --------------  -------------------
/opt/airflow/dags/price_dag.py                           0           1  0.34s           2024-03-10T13:32:32
================================================================================
[2024-03-10T13:33:28.188+0000] {manager.py:887} INFO - 
================================================================================
DAG File Processing Stats

File Path                       PID    Runtime      # DAGs    # Errors  Last Runtime    Last Run
------------------------------  -----  ---------  --------  ----------  --------------  -------------------
/opt/airflow/dags/price_dag.py                           0           1  0.18s           2024-03-10T13:33:02
================================================================================
[2024-03-10T13:33:58.878+0000] {manager.py:887} INFO - 
================================================================================
DAG File Processing Stats

File Path                       PID    Runtime      # DAGs    # Errors  Last Runtime    Last Run
------------------------------  -----  ---------  --------  ----------  --------------  -------------------
/opt/airflow/dags/price_dag.py                           0           1  0.33s           2024-03-10T13:33:33
================================================================================
[2024-03-10T13:39:33.209+0000] {manager.py:755} INFO - Searching for files in /opt/airflow/dags
[2024-03-10T13:39:33.607+0000] {manager.py:758} INFO - There are 1 files in /opt/airflow/dags
[2024-03-10T13:40:02.497+0000] {manager.py:887} INFO - 
================================================================================
DAG File Processing Stats

File Path                       PID    Runtime      # DAGs    # Errors  Last Runtime    Last Run
------------------------------  -----  ---------  --------  ----------  --------------  -------------------
/opt/airflow/dags/price_dag.py                           0           1  0.51s           2024-03-10T13:39:34
================================================================================
[2024-03-10T13:42:11.249+0000] {manager.py:887} INFO - 
================================================================================
DAG File Processing Stats

File Path                       PID    Runtime      # DAGs    # Errors  Last Runtime    Last Run
------------------------------  -----  ---------  --------  ----------  --------------  -------------------
/opt/airflow/dags/price_dag.py                           0           1  0.34s           2024-03-10T13:41:41
================================================================================
[2024-03-10T13:42:41.636+0000] {manager.py:887} INFO - 
================================================================================
DAG File Processing Stats

File Path                       PID    Runtime      # DAGs    # Errors  Last Runtime    Last Run
------------------------------  -----  ---------  --------  ----------  --------------  -------------------
/opt/airflow/dags/price_dag.py                           0           1  0.32s           2024-03-10T13:42:12
================================================================================
[2024-03-10T13:43:12.048+0000] {manager.py:887} INFO - 
================================================================================
DAG File Processing Stats

File Path                       PID    Runtime      # DAGs    # Errors  Last Runtime    Last Run
------------------------------  -----  ---------  --------  ----------  --------------  -------------------
/opt/airflow/dags/price_dag.py                           0           1  0.22s           2024-03-10T13:42:42
================================================================================
[2024-03-10T13:43:42.468+0000] {manager.py:887} INFO - 
================================================================================
DAG File Processing Stats

File Path                       PID    Runtime      # DAGs    # Errors  Last Runtime    Last Run
------------------------------  -----  ---------  --------  ----------  --------------  -------------------
/opt/airflow/dags/price_dag.py                           0           1  0.25s           2024-03-10T13:43:13
================================================================================
[2024-03-10T13:44:12.988+0000] {manager.py:887} INFO - 
================================================================================
DAG File Processing Stats

File Path                       PID    Runtime      # DAGs    # Errors  Last Runtime    Last Run
------------------------------  -----  ---------  --------  ----------  --------------  -------------------
/opt/airflow/dags/price_dag.py                           0           1  0.21s           2024-03-10T13:43:43
================================================================================
[2024-03-10T13:44:33.328+0000] {manager.py:755} INFO - Searching for files in /opt/airflow/dags
[2024-03-10T13:44:33.637+0000] {manager.py:758} INFO - There are 1 files in /opt/airflow/dags
[2024-03-10T13:44:43.780+0000] {manager.py:887} INFO - 
================================================================================
DAG File Processing Stats

File Path                       PID    Runtime      # DAGs    # Errors  Last Runtime    Last Run
------------------------------  -----  ---------  --------  ----------  --------------  -------------------
/opt/airflow/dags/price_dag.py                           0           1  0.22s           2024-03-10T13:44:14
================================================================================
[2024-03-10T13:45:14.184+0000] {manager.py:887} INFO - 
================================================================================
DAG File Processing Stats

File Path                       PID    Runtime      # DAGs    # Errors  Last Runtime    Last Run
------------------------------  -----  ---------  --------  ----------  --------------  -------------------
/opt/airflow/dags/price_dag.py                           0           1  0.29s           2024-03-10T13:44:45
================================================================================
[2024-03-10T13:45:44.774+0000] {manager.py:887} INFO - 
================================================================================
DAG File Processing Stats

File Path                       PID    Runtime      # DAGs    # Errors  Last Runtime    Last Run
------------------------------  -----  ---------  --------  ----------  --------------  -------------------
/opt/airflow/dags/price_dag.py                           0           1  0.20s           2024-03-10T13:45:15
================================================================================
[2024-03-10T13:46:15.131+0000] {manager.py:887} INFO - 
================================================================================
DAG File Processing Stats

File Path                       PID    Runtime      # DAGs    # Errors  Last Runtime    Last Run
------------------------------  -----  ---------  --------  ----------  --------------  -------------------
/opt/airflow/dags/price_dag.py                           0           1  0.25s           2024-03-10T13:45:46
================================================================================
[2024-03-10T13:47:16.635+0000] {manager.py:887} INFO - 
================================================================================
DAG File Processing Stats

File Path                       PID    Runtime      # DAGs    # Errors  Last Runtime    Last Run
------------------------------  -----  ---------  --------  ----------  --------------  -------------------
/opt/airflow/dags/price_dag.py                           0           1  0.38s           2024-03-10T13:47:12
================================================================================
[2024-03-10T13:47:47.234+0000] {manager.py:887} INFO - 
================================================================================
DAG File Processing Stats

File Path                       PID    Runtime      # DAGs    # Errors  Last Runtime    Last Run
------------------------------  -----  ---------  --------  ----------  --------------  -------------------
/opt/airflow/dags/price_dag.py                           0           1  0.33s           2024-03-10T13:47:43
================================================================================
[2024-03-10T13:48:17.622+0000] {manager.py:887} INFO - 
================================================================================
DAG File Processing Stats

File Path                       PID    Runtime      # DAGs    # Errors  Last Runtime    Last Run
------------------------------  -----  ---------  --------  ----------  --------------  -------------------
/opt/airflow/dags/price_dag.py                           0           1  0.22s           2024-03-10T13:48:13
================================================================================
[2024-03-10T13:48:48.115+0000] {manager.py:887} INFO - 
================================================================================
DAG File Processing Stats

File Path                       PID    Runtime      # DAGs    # Errors  Last Runtime    Last Run
------------------------------  -----  ---------  --------  ----------  --------------  -------------------
/opt/airflow/dags/price_dag.py                           0           1  0.35s           2024-03-10T13:48:44
================================================================================
[2024-03-10T13:49:18.635+0000] {manager.py:887} INFO - 
================================================================================
DAG File Processing Stats

File Path                       PID    Runtime      # DAGs    # Errors  Last Runtime    Last Run
------------------------------  -----  ---------  --------  ----------  --------------  -------------------
/opt/airflow/dags/price_dag.py                           0           1  0.34s           2024-03-10T13:49:14
================================================================================
[2024-03-10T13:49:33.811+0000] {manager.py:755} INFO - Searching for files in /opt/airflow/dags
[2024-03-10T13:49:34.207+0000] {manager.py:758} INFO - There are 1 files in /opt/airflow/dags
[2024-03-10T13:49:48.766+0000] {manager.py:887} INFO - 
================================================================================
DAG File Processing Stats

File Path                       PID    Runtime      # DAGs    # Errors  Last Runtime    Last Run
------------------------------  -----  ---------  --------  ----------  --------------  -------------------
/opt/airflow/dags/price_dag.py                           0           1  0.37s           2024-03-10T13:49:45
================================================================================
[2024-03-10T13:50:19.065+0000] {manager.py:887} INFO - 
================================================================================
DAG File Processing Stats

File Path                       PID    Runtime      # DAGs    # Errors  Last Runtime    Last Run
------------------------------  -----  ---------  --------  ----------  --------------  -------------------
/opt/airflow/dags/price_dag.py                           0           1  0.32s           2024-03-10T13:50:16
================================================================================
[2024-03-10T13:50:49.526+0000] {manager.py:887} INFO - 
================================================================================
DAG File Processing Stats

File Path                       PID    Runtime      # DAGs    # Errors  Last Runtime    Last Run
------------------------------  -----  ---------  --------  ----------  --------------  -------------------
/opt/airflow/dags/price_dag.py                           0           1  0.30s           2024-03-10T13:50:46
================================================================================
[2024-03-10T13:51:20.095+0000] {manager.py:887} INFO - 
================================================================================
DAG File Processing Stats

File Path                       PID    Runtime      # DAGs    # Errors  Last Runtime    Last Run
------------------------------  -----  ---------  --------  ----------  --------------  -------------------
/opt/airflow/dags/price_dag.py                           0           1  0.33s           2024-03-10T13:51:17
================================================================================
[2024-03-10T13:51:50.560+0000] {manager.py:887} INFO - 
================================================================================
DAG File Processing Stats

File Path                       PID    Runtime      # DAGs    # Errors  Last Runtime    Last Run
------------------------------  -----  ---------  --------  ----------  --------------  -------------------
/opt/airflow/dags/price_dag.py                           0           1  0.30s           2024-03-10T13:51:47
================================================================================
[2024-03-10T13:52:21.050+0000] {manager.py:887} INFO - 
================================================================================
DAG File Processing Stats

File Path                       PID    Runtime      # DAGs    # Errors  Last Runtime    Last Run
------------------------------  -----  ---------  --------  ----------  --------------  -------------------
/opt/airflow/dags/price_dag.py                           0           1  0.32s           2024-03-10T13:52:18
================================================================================
[2024-03-10T13:52:51.563+0000] {manager.py:887} INFO - 
================================================================================
DAG File Processing Stats

File Path                       PID    Runtime      # DAGs    # Errors  Last Runtime    Last Run
------------------------------  -----  ---------  --------  ----------  --------------  -------------------
/opt/airflow/dags/price_dag.py                           0           1  0.22s           2024-03-10T13:52:48
================================================================================
[2024-03-10T13:53:21.968+0000] {manager.py:887} INFO - 
================================================================================
DAG File Processing Stats

File Path                       PID    Runtime      # DAGs    # Errors  Last Runtime    Last Run
------------------------------  -----  ---------  --------  ----------  --------------  -------------------
/opt/airflow/dags/price_dag.py                           0           1  0.25s           2024-03-10T13:53:19
================================================================================
[2024-03-10T13:53:52.536+0000] {manager.py:887} INFO - 
================================================================================
DAG File Processing Stats

File Path                       PID    Runtime      # DAGs    # Errors  Last Runtime    Last Run
------------------------------  -----  ---------  --------  ----------  --------------  -------------------
/opt/airflow/dags/price_dag.py                           0           1  0.32s           2024-03-10T13:53:49
================================================================================
[2024-03-10T13:54:22.989+0000] {manager.py:887} INFO - 
================================================================================
DAG File Processing Stats

File Path                       PID    Runtime      # DAGs    # Errors  Last Runtime    Last Run
------------------------------  -----  ---------  --------  ----------  --------------  -------------------
/opt/airflow/dags/price_dag.py                           0           1  0.32s           2024-03-10T13:54:20
================================================================================
[2024-03-10T13:54:34.125+0000] {manager.py:755} INFO - Searching for files in /opt/airflow/dags
[2024-03-10T13:54:34.532+0000] {manager.py:758} INFO - There are 1 files in /opt/airflow/dags
[2024-03-10T13:54:53.054+0000] {manager.py:887} INFO - 
================================================================================
DAG File Processing Stats

File Path                       PID    Runtime      # DAGs    # Errors  Last Runtime    Last Run
------------------------------  -----  ---------  --------  ----------  --------------  -------------------
/opt/airflow/dags/price_dag.py                           0           1  0.31s           2024-03-10T13:54:51
================================================================================
[2024-03-10T13:55:23.413+0000] {manager.py:887} INFO - 
================================================================================
DAG File Processing Stats

File Path                       PID    Runtime      # DAGs    # Errors  Last Runtime    Last Run
------------------------------  -----  ---------  --------  ----------  --------------  -------------------
/opt/airflow/dags/price_dag.py                           0           1  0.32s           2024-03-10T13:55:21
================================================================================
[2024-03-10T13:55:53.838+0000] {manager.py:887} INFO - 
================================================================================
DAG File Processing Stats

File Path                       PID    Runtime      # DAGs    # Errors  Last Runtime    Last Run
------------------------------  -----  ---------  --------  ----------  --------------  -------------------
/opt/airflow/dags/price_dag.py                           0           1  0.22s           2024-03-10T13:55:52
================================================================================
[2024-03-10T13:56:24.331+0000] {manager.py:887} INFO - 
================================================================================
DAG File Processing Stats

File Path                       PID    Runtime      # DAGs    # Errors  Last Runtime    Last Run
------------------------------  -----  ---------  --------  ----------  --------------  -------------------
/opt/airflow/dags/price_dag.py                           0           1  0.51s           2024-03-10T13:56:22
================================================================================
[2024-03-10T13:56:54.365+0000] {manager.py:887} INFO - 
================================================================================
DAG File Processing Stats

File Path                       PID    Runtime      # DAGs    # Errors  Last Runtime    Last Run
------------------------------  -----  ---------  --------  ----------  --------------  -------------------
/opt/airflow/dags/price_dag.py                           0           1  0.32s           2024-03-10T13:56:53
================================================================================
